Determining if the pthread_create exist failed with the following output:
Change Dir: /home/aubailly/Bureau/catkin_exam/build/CMakeFiles/CMakeTmp

Run Build Command:"/usr/bin/make" "cmTC_e03ca/fast"
/usr/bin/make -f CMakeFiles/cmTC_e03ca.dir/build.make CMakeFiles/cmTC_e03ca.dir/build
make[1] : on entre dans le répertoire « /home/aubailly/Bureau/catkin_exam/build/CMakeFiles/CMakeTmp »
Building C object CMakeFiles/cmTC_e03ca.dir/CheckSymbolExists.c.o
/usr/bin/cc    -o CMakeFiles/cmTC_e03ca.dir/CheckSymbolExists.c.o   -c /home/aubailly/Bureau/catkin_exam/build/CMakeFiles/CMakeTmp/CheckSymbolExists.c
Linking C executable cmTC_e03ca
/usr/bin/cmake -E cmake_link_script CMakeFiles/cmTC_e03ca.dir/link.txt --verbose=1
/usr/bin/cc      -rdynamic CMakeFiles/cmTC_e03ca.dir/CheckSymbolExists.c.o  -o cmTC_e03ca 
CMakeFiles/cmTC_e03ca.dir/CheckSymbolExists.c.o : Dans la fonction « main » :
CheckSymbolExists.c:(.text+0x1b) : référence indéfinie vers « pthread_create »
collect2: error: ld returned 1 exit status
CMakeFiles/cmTC_e03ca.dir/build.make:97: recipe for target 'cmTC_e03ca' failed
make[1]: *** [cmTC_e03ca] Error 1
make[1] : on quitte le répertoire « /home/aubailly/Bureau/catkin_exam/build/CMakeFiles/CMakeTmp »
Makefile:126: recipe for target 'cmTC_e03ca/fast' failed
make: *** [cmTC_e03ca/fast] Error 2

File /home/aubailly/Bureau/catkin_exam/build/CMakeFiles/CMakeTmp/CheckSymbolExists.c:
/* */
#include <pthread.h>

int main(int argc, char** argv)
{
  (void)argv;
#ifndef pthread_create
  return ((int*)(&pthread_create))[argc];
#else
  (void)argc;
  return 0;
#endif
}

Determining if the function pthread_create exists in the pthreads failed with the following output:
Change Dir: /home/aubailly/Bureau/catkin_exam/build/CMakeFiles/CMakeTmp

Run Build Command:"/usr/bin/make" "cmTC_1858f/fast"
/usr/bin/make -f CMakeFiles/cmTC_1858f.dir/build.make CMakeFiles/cmTC_1858f.dir/build
make[1] : on entre dans le répertoire « /home/aubailly/Bureau/catkin_exam/build/CMakeFiles/CMakeTmp »
Building C object CMakeFiles/cmTC_1858f.dir/CheckFunctionExists.c.o
/usr/bin/cc   -DCHECK_FUNCTION_EXISTS=pthread_create   -o CMakeFiles/cmTC_1858f.dir/CheckFunctionExists.c.o   -c /usr/share/cmake-3.10/Modules/CheckFunctionExists.c
Linking C executable cmTC_1858f
/usr/bin/cmake -E cmake_link_script CMakeFiles/cmTC_1858f.dir/link.txt --verbose=1
/usr/bin/cc  -DCHECK_FUNCTION_EXISTS=pthread_create    -rdynamic CMakeFiles/cmTC_1858f.dir/CheckFunctionExists.c.o  -o cmTC_1858f -lpthreads 
/usr/bin/ld : ne peut trouver -lpthreads
collect2: error: ld returned 1 exit status
CMakeFiles/cmTC_1858f.dir/build.make:97: recipe for target 'cmTC_1858f' failed
make[1]: *** [cmTC_1858f] Error 1
make[1] : on quitte le répertoire « /home/aubailly/Bureau/catkin_exam/build/CMakeFiles/CMakeTmp »
Makefile:126: recipe for target 'cmTC_1858f/fast' failed
make: *** [cmTC_1858f/fast] Error 2


